# JRE version: OpenJDK Runtime Environment Microsoft-8035246 (17.0.8+7) (build 17.0.8+7-LTS)
# Java VM: OpenJDK 64-Bit Server VM Microsoft-8035246 (17.0.8+7-LTS, mixed mode, sharing, tiered, compressed oops, compressed class ptrs, g1 gc, windows-amd64)
GC Precious Log:
 CPUs: 8 total, 8 available
 Memory: 7966M
 Large Page Support: Disabled
 NUMA Support: Disabled
 Compressed Oops: Enabled (32-bit)
 Heap Region Size: 1M
 Heap Min Capacity: 8M
 Heap Initial Capacity: 126M
 Heap Max Capacity: 2G
 Pre-touch: Disabled
 Parallel Workers: 8
 Concurrent Workers: 2
 Concurrent Refinement Workers: 8
 Periodic GC: Disabled
Heap:
 garbage-first heap   total 273408K, used 214292K [0x0000000080000000, 0x0000000100000000)
  region size 1024K, 37 young (37888K), 6 survivors (6144K)
 Metaspace       used 103143K, committed 104320K, reserved 557056K
  class space    used 14266K, committed 14848K, reserved 425984K
GC Heap History (20 events):
Event: 44.511 GC heap before
{Heap before GC invocations=67 (full 0):
 garbage-first heap   total 273408K, used 208745K [0x0000000080000000, 0x0000000100000000)
  region size 1024K, 75 young (76800K), 6 survivors (6144K)
 Metaspace       used 97975K, committed 99008K, reserved 557056K
  class space    used 13767K, committed 14272K, reserved 425984K
}
Event: 44.524 GC heap after
{Heap after GC invocations=68 (full 0):
 garbage-first heap   total 273408K, used 144657K [0x0000000080000000, 0x0000000100000000)
  region size 1024K, 10 young (10240K), 10 survivors (10240K)
 Metaspace       used 97975K, committed 99008K, reserved 557056K
  class space    used 13767K, committed 14272K, reserved 425984K
}
Event: 45.427 GC heap before
{Heap before GC invocations=68 (full 0):
 garbage-first heap   total 273408K, used 213265K [0x0000000080000000, 0x0000000100000000)
  region size 1024K, 78 young (79872K), 10 survivors (10240K)
 Metaspace       used 98575K, committed 99584K, reserved 557056K
  class space    used 13830K, committed 14336K, reserved 425984K
}
Event: 45.439 GC heap after
{Heap after GC invocations=69 (full 0):
 garbage-first heap   total 273408K, used 150597K [0x0000000080000000, 0x0000000100000000)
  region size 1024K, 6 young (6144K), 6 survivors (6144K)
 Metaspace       used 98575K, committed 99584K, reserved 557056K
  class space    used 13830K, committed 14336K, reserved 425984K
}
Event: 46.327 GC heap before
{Heap before GC invocations=69 (full 0):
 garbage-first heap   total 273408K, used 222277K [0x0000000080000000, 0x0000000100000000)
  region size 1024K, 72 young (73728K), 6 survivors (6144K)
 Metaspace       used 98681K, committed 99712K, reserved 557056K
  class space    used 13830K, committed 14336K, reserved 425984K
}
Event: 46.337 GC heap after
{Heap after GC invocations=70 (full 0):
 garbage-first heap   total 273408K, used 156337K [0x0000000080000000, 0x0000000100000000)
  region size 1024K, 6 young (6144K), 6 survivors (6144K)
 Metaspace       used 98681K, committed 99712K, reserved 557056K
  class space    used 13830K, committed 14336K, reserved 425984K
}
Event: 47.048 GC heap before
{Heap before GC invocations=70 (full 0):
 garbage-first heap   total 273408K, used 236209K [0x0000000080000000, 0x0000000100000000)
  region size 1024K, 69 young (70656K), 6 survivors (6144K)
 Metaspace       used 98973K, committed 99968K, reserved 557056K
  class space    used 13847K, committed 14336K, reserved 425984K
}
Event: 47.057 GC heap after
{Heap after GC invocations=71 (full 0):
 garbage-first heap   total 273408K, used 162125K [0x0000000080000000, 0x0000000100000000)
  region size 1024K, 9 young (9216K), 9 survivors (9216K)
 Metaspace       used 98973K, committed 99968K, reserved 557056K
  class space    used 13847K, committed 14336K, reserved 425984K
}
Event: 47.879 GC heap before
{Heap before GC invocations=71 (full 0):
 garbage-first heap   total 273408K, used 227661K [0x0000000080000000, 0x0000000100000000)
  region size 1024K, 70 young (71680K), 9 survivors (9216K)
 Metaspace       used 99126K, committed 100160K, reserved 557056K
  class space    used 13860K, committed 14336K, reserved 425984K
}
Event: 47.892 GC heap after
{Heap after GC invocations=72 (full 0):
 garbage-first heap   total 273408K, used 167325K [0x0000000080000000, 0x0000000100000000)
  region size 1024K, 6 young (6144K), 6 survivors (6144K)
 Metaspace       used 99126K, committed 100160K, reserved 557056K
  class space    used 13860K, committed 14336K, reserved 425984K
}
Event: 48.371 GC heap before
{Heap before GC invocations=72 (full 0):
 garbage-first heap   total 273408K, used 233885K [0x0000000080000000, 0x0000000100000000)
  region size 1024K, 64 young (65536K), 6 survivors (6144K)
 Metaspace       used 99382K, committed 100416K, reserved 557056K
  class space    used 13908K, committed 14400K, reserved 425984K
}
Event: 48.379 GC heap after
{Heap after GC invocations=73 (full 0):
 garbage-first heap   total 273408K, used 170925K [0x0000000080000000, 0x0000000100000000)
  region size 1024K, 4 young (4096K), 4 survivors (4096K)
 Metaspace       used 99382K, committed 100416K, reserved 557056K
  class space    used 13908K, committed 14400K, reserved 425984K
}
Event: 48.748 GC heap before
{Heap before GC invocations=73 (full 0):
 garbage-first heap   total 273408K, used 231341K [0x0000000080000000, 0x0000000100000000)
  region size 1024K, 60 young (61440K), 4 survivors (4096K)
 Metaspace       used 99422K, committed 100480K, reserved 557056K
  class space    used 13910K, committed 14400K, reserved 425984K
}
Event: 48.755 GC heap after
{Heap after GC invocations=74 (full 0):
 garbage-first heap   total 273408K, used 173698K [0x0000000080000000, 0x0000000100000000)
  region size 1024K, 7 young (7168K), 7 survivors (7168K)
 Metaspace       used 99422K, committed 100480K, reserved 557056K
  class space    used 13910K, committed 14400K, reserved 425984K
}
Event: 50.558 GC heap before
{Heap before GC invocations=74 (full 0):
 garbage-first heap   total 273408K, used 238210K [0x0000000080000000, 0x0000000100000000)
  region size 1024K, 62 young (63488K), 7 survivors (7168K)
 Metaspace       used 101523K, committed 102528K, reserved 557056K
  class space    used 14113K, committed 14592K, reserved 425984K
}
Event: 50.565 GC heap after
{Heap after GC invocations=75 (full 0):
 garbage-first heap   total 273408K, used 177451K [0x0000000080000000, 0x0000000100000000)
  region size 1024K, 7 young (7168K), 7 survivors (7168K)
 Metaspace       used 101523K, committed 102528K, reserved 557056K
  class space    used 14113K, committed 14592K, reserved 425984K
}
Event: 1658.334 GC heap before
{Heap before GC invocations=75 (full 0):
 garbage-first heap   total 273408K, used 230699K [0x0000000080000000, 0x0000000100000000)
  region size 1024K, 60 young (61440K), 7 survivors (7168K)
 Metaspace       used 102596K, committed 103744K, reserved 557056K
  class space    used 14231K, committed 14784K, reserved 425984K
}
Event: 1659.335 GC heap after
{Heap after GC invocations=76 (full 0):
 garbage-first heap   total 273408K, used 178759K [0x0000000080000000, 0x0000000100000000)
  region size 1024K, 6 young (6144K), 6 survivors (6144K)
 Metaspace       used 102596K, committed 103744K, reserved 557056K
  class space    used 14231K, committed 14784K, reserved 425984K
}
Event: 2497.958 GC heap before
{Heap before GC invocations=76 (full 0):
 garbage-first heap   total 273408K, used 227911K [0x0000000080000000, 0x0000000100000000)
  region size 1024K, 55 young (56320K), 6 survivors (6144K)
 Metaspace       used 102830K, committed 103872K, reserved 557056K
  class space    used 14242K, committed 14784K, reserved 425984K
}
Event: 2498.034 GC heap after
{Heap after GC invocations=77 (full 0):
 garbage-first heap   total 273408K, used 183572K [0x0000000080000000, 0x0000000100000000)
  region size 1024K, 6 young (6144K), 6 survivors (6144K)
 Metaspace       used 102830K, committed 103872K, reserved 557056K
  class space    used 14242K, committed 14784K, reserved 425984K
}

